<?xml version="1.0" encoding="UTF-8"?>
<testsuite xmlns:xsi="http://www.w3.org/2001/XMLSchema-instance" xsi:noNamespaceSchemaLocation="https://maven.apache.org/surefire/maven-surefire-plugin/xsd/surefire-test-report-3.0.xsd" version="3.0" name="com.yunchuan.medical.PasswordTest" time="8.121" tests="1" errors="0" skipped="0" failures="0">
  <properties>
[...]
</properties>
  <testcase name="testPassword" classname="com.yunchuan.medical.PasswordTest" time="1.06">
    <system-out><![CDATA[17:54:01.827 [main] INFO org.springframework.test.context.support.AnnotationConfigContextLoaderUtils -- Could not detect default configuration classes for test class [com.yunchuan.medical.PasswordTest]: PasswordTest does not declare any static, non-private, non-final, nested classes annotated with @Configuration.
17:54:01.942 [main] INFO org.springframework.boot.test.context.SpringBootTestContextBootstrapper -- Found @SpringBootConfiguration com.yunchuan.medical.MedicalApplication for test class com.yunchuan.medical.PasswordTest

  .   ____          _            __ _ _
 /\\ / ___'_ __ _ _(_)_ __  __ _ \ \ \ \
( ( )\___ | '_ | '_| | '_ \/ _` | \ \ \ \
 \\/  ___)| |_)| | | | | || (_| |  ) ) ) )
  '  |____| .__|_| |_|_| |_\__, | / / / /
 =========|_|==============|___/=/_/_/_/
 :: Spring Boot ::                (v3.2.0)

2025-02-04 17:54:02 [background-preinit] INFO  o.h.validator.internal.util.Version - HV000001: Hibernate Validator 8.0.1.Final
2025-02-04 17:54:02 [main] INFO  com.yunchuan.medical.PasswordTest - Starting PasswordTest using Java 21.0.5 with PID 39272 (started by 刘成 in D:\dasdas\运城市移动医疗咨询平台\后端\demo5)
2025-02-04 17:54:02 [main] INFO  com.yunchuan.medical.PasswordTest - No active profile set, falling back to 1 default profile: "default"
2025-02-04 17:54:04 [main] ERROR c.b.m.core.MybatisConfiguration - mapper[com.yunchuan.medical.mapper.ConsultationMapper.selectByUserId] is ignored, because it exists, maybe from xml file
2025-02-04 17:54:04 [main] WARN  c.b.m.core.injector.methods.Insert - [com.yunchuan.medical.mapper.ConsultationMapper.insert] Has been loaded by XML or SqlProvider or Mybatis's Annotation, so ignoring this injection for [class com.baomidou.mybatisplus.core.injector.methods.Insert]
2025-02-04 17:54:04 [main] WARN  c.b.m.c.injector.methods.SelectList - [com.yunchuan.medical.mapper.ConsultationMapper.selectList] Has been loaded by XML or SqlProvider or Mybatis's Annotation, so ignoring this injection for [class com.baomidou.mybatisplus.core.injector.methods.SelectList]
2025-02-04 17:54:04 [main] WARN  c.b.m.c.injector.methods.SelectById - [com.yunchuan.medical.mapper.ConsultationMapper.selectById] Has been loaded by XML or SqlProvider or Mybatis's Annotation, so ignoring this injection for [class com.baomidou.mybatisplus.core.injector.methods.SelectById]
2025-02-04 17:54:04 [main] WARN  c.b.m.core.injector.methods.Insert - [com.yunchuan.medical.mapper.PaymentRecordMapper.insert] Has been loaded by XML or SqlProvider or Mybatis's Annotation, so ignoring this injection for [class com.baomidou.mybatisplus.core.injector.methods.Insert]
2025-02-04 17:54:04 [main] WARN  c.b.m.c.injector.methods.DeleteById - [com.yunchuan.medical.mapper.PaymentRecordMapper.deleteById] Has been loaded by XML or SqlProvider or Mybatis's Annotation, so ignoring this injection for [class com.baomidou.mybatisplus.core.injector.methods.DeleteById]
2025-02-04 17:54:04 [main] WARN  c.b.m.c.injector.methods.UpdateById - [com.yunchuan.medical.mapper.PaymentRecordMapper.updateById] Has been loaded by XML or SqlProvider or Mybatis's Annotation, so ignoring this injection for [class com.baomidou.mybatisplus.core.injector.methods.UpdateById]
2025-02-04 17:54:04 [main] WARN  c.b.m.c.injector.methods.SelectById - [com.yunchuan.medical.mapper.PaymentRecordMapper.selectById] Has been loaded by XML or SqlProvider or Mybatis's Annotation, so ignoring this injection for [class com.baomidou.mybatisplus.core.injector.methods.SelectById]
2025-02-04 17:54:05 [main] WARN  c.b.m.core.injector.methods.Insert - [com.yunchuan.medical.mapper.PrescriptionMapper.insert] Has been loaded by XML or SqlProvider or Mybatis's Annotation, so ignoring this injection for [class com.baomidou.mybatisplus.core.injector.methods.Insert]
2025-02-04 17:54:05 [main] WARN  c.b.m.c.injector.methods.SelectList - [com.yunchuan.medical.mapper.PrescriptionMapper.selectList] Has been loaded by XML or SqlProvider or Mybatis's Annotation, so ignoring this injection for [class com.baomidou.mybatisplus.core.injector.methods.SelectList]
2025-02-04 17:54:05 [main] WARN  c.b.m.c.injector.methods.DeleteById - [com.yunchuan.medical.mapper.PrescriptionMapper.deleteById] Has been loaded by XML or SqlProvider or Mybatis's Annotation, so ignoring this injection for [class com.baomidou.mybatisplus.core.injector.methods.DeleteById]
2025-02-04 17:54:05 [main] WARN  c.b.m.c.injector.methods.UpdateById - [com.yunchuan.medical.mapper.PrescriptionMapper.updateById] Has been loaded by XML or SqlProvider or Mybatis's Annotation, so ignoring this injection for [class com.baomidou.mybatisplus.core.injector.methods.UpdateById]
2025-02-04 17:54:05 [main] WARN  c.b.m.c.injector.methods.SelectById - [com.yunchuan.medical.mapper.PrescriptionMapper.selectById] Has been loaded by XML or SqlProvider or Mybatis's Annotation, so ignoring this injection for [class com.baomidou.mybatisplus.core.injector.methods.SelectById]
2025-02-04 17:54:05 [main] WARN  c.b.m.core.injector.methods.Insert - [com.yunchuan.medical.mapper.ScheduleMapper.insert] Has been loaded by XML or SqlProvider or Mybatis's Annotation, so ignoring this injection for [class com.baomidou.mybatisplus.core.injector.methods.Insert]
2025-02-04 17:54:05 [main] WARN  c.b.m.core.injector.methods.Update - [com.yunchuan.medical.mapper.ScheduleMapper.update] Has been loaded by XML or SqlProvider or Mybatis's Annotation, so ignoring this injection for [class com.baomidou.mybatisplus.core.injector.methods.Update]
2025-02-04 17:54:05 [main] WARN  c.b.m.c.injector.methods.DeleteById - [com.yunchuan.medical.mapper.ScheduleMapper.deleteById] Has been loaded by XML or SqlProvider or Mybatis's Annotation, so ignoring this injection for [class com.baomidou.mybatisplus.core.injector.methods.DeleteById]
2025-02-04 17:54:05 [main] WARN  c.b.m.c.injector.methods.SelectById - [com.yunchuan.medical.mapper.ScheduleMapper.selectById] Has been loaded by XML or SqlProvider or Mybatis's Annotation, so ignoring this injection for [class com.baomidou.mybatisplus.core.injector.methods.SelectById]
2025-02-04 17:54:05 [main] WARN  c.b.m.c.injector.methods.SelectById - [com.yunchuan.medical.mapper.UserMapper.selectById] Has been loaded by XML or SqlProvider or Mybatis's Annotation, so ignoring this injection for [class com.baomidou.mybatisplus.core.injector.methods.SelectById]
 _ _   |_  _ _|_. ___ _ |    _ 
| | |\/|_)(_| | |_\  |_)||_|_\ 
     /               |         
                        3.5.5 
2025-02-04 17:54:05 [main] INFO  com.zaxxer.hikari.HikariDataSource - HikariPool - Starting...
2025-02-04 17:54:05 [main] INFO  com.zaxxer.hikari.pool.HikariPool - HikariPool - Added connection com.mysql.cj.jdbc.ConnectionImpl@11f3400c
2025-02-04 17:54:05 [main] INFO  com.zaxxer.hikari.HikariDataSource - HikariPool - Start completed.
2025-02-04 17:54:06 [main] INFO  c.y.medical.config.SecurityConfig - 创建密码编码器
2025-02-04 17:54:06 [main] INFO  c.y.medical.config.SecurityConfig - 配置安全过滤链
2025-02-04 17:54:07 [main] INFO  c.y.medical.config.SecurityConfig - CSRF 保护已禁用
2025-02-04 17:54:07 [main] INFO  c.y.medical.config.SecurityConfig - 会话管理策略设置为无状态
2025-02-04 17:54:07 [main] INFO  c.y.medical.config.SecurityConfig - 请求授权规则已配置
2025-02-04 17:54:07 [main] INFO  c.y.medical.config.SecurityConfig - 安全配置完成
2025-02-04 17:54:07 [main] INFO  o.s.s.web.DefaultSecurityFilterChain - Will secure any request with [org.springframework.security.web.session.DisableEncodeUrlFilter@6e78177b, org.springframework.security.web.context.request.async.WebAsyncManagerIntegrationFilter@4ec37a42, org.springframework.security.web.context.SecurityContextHolderFilter@6e66b498, org.springframework.security.web.header.HeaderWriterFilter@1f12d5e0, org.springframework.web.filter.CorsFilter@798b36fd, org.springframework.security.web.authentication.logout.LogoutFilter@67c2b55d, com.yunchuan.medical.security.JwtAuthenticationFilter@18ff1520, org.springframework.security.web.savedrequest.RequestCacheAwareFilter@6f7c9755, org.springframework.security.web.servletapi.SecurityContextHolderAwareRequestFilter@45abbd24, org.springframework.security.web.authentication.AnonymousAuthenticationFilter@36120a8b, org.springframework.security.web.session.SessionManagementFilter@5f0ca069, org.springframework.security.web.access.ExceptionTranslationFilter@6b103db7, org.springframework.security.web.access.intercept.AuthorizationFilter@5d6d424d]
2025-02-04 17:54:08 [main] INFO  com.yunchuan.medical.PasswordTest - Started PasswordTest in 6.576 seconds (process running for 7.503)
新生成的密码: $2a$10$LkVmUlpvMMN50Vy8Q8Z4s.A3vMw1trTpPUwkPtiRKyWdsLnzkjOX.
验证结果: false
]]></system-out>
    <system-err><![CDATA[WARNING: A Java agent has been loaded dynamically (C:\Users\Áõ³É\.m2\repository\net\bytebuddy\byte-buddy-agent\1.14.10\byte-buddy-agent-1.14.10.ja)
WARNING: If a serviceability tool is in use, please run with -XX:+EnableDynamicAgentLoading to hide this warning
WARNING: If a serviceability tool is not in use, please run with -Djdk.instrument.traceUsage for more information
WARNING: Dynamic loading of agents will be disallowed by default in a future release
]]></system-err>
  </testcase>
</testsuite>